#------------------------------------------------------------------------------
# irace: An implementation in R of (Elitist) Iterated Racing
# Version: 3.4.1.9fcaeaf
# Copyright (C) 2010-2020
# Manuel Lopez-Ibanez     <manuel.lopez-ibanez@manchester.ac.uk>
# Jeremie Dubois-Lacoste  
# Leslie Perez Caceres    <leslie.perez.caceres@ulb.ac.be>
#
# This is free software, and you are welcome to redistribute it under certain
# conditions.  See the GNU General Public License for details. There is NO
# WARRANTY; not even for MERCHANTABILITY or FITNESS FOR A PARTICULAR PURPOSE.
#
# irace builds upon previous code from the race package:
#     race: Racing methods for the selection of the best
#     Copyright (C) 2003 Mauro Birattari
#------------------------------------------------------------------------------
# installed at: /usr/local/lib/R/site-library/irace
# called with: -s scenario.txt --parallel 10 --train-instances-dir decreasing/parent-degradation/small
# Read 1 configuration(s) from file '/home/gacheiro/Github/optlis/tuning/configurations.txt'
# 2023-08-16 18:03:35 CEST: Initialization
# Elitist race
# Elitist new instances: 1
# Elitist limit: 2
# nbIterations: 3
# minNbSurvival: 3
# nbParameters: 2
# seed: 101010
# confidence level: 0.95
# budget: 500
# mu: 5
# deterministic: FALSE

# 2023-08-16 18:03:35 CEST: Iteration 1 of 3
# experimentsUsedSoFar: 0
# remainingBudget: 500
# currentBudget: 166
# nbConfigurations: 27
